<?xml version="1.0" encoding="UTF-8"?>
<testng-results ignored="0" total="1" passed="1" failed="0" skipped="0">
  <reporter-output>
  </reporter-output>
  <suite started-at="2022-04-14T07:47:49 IST" name="Default suite" finished-at="2022-04-14T07:48:11 IST" duration-ms="21867">
    <groups>
    </groups>
    <test started-at="2022-04-14T07:47:49 IST" name="Default test" finished-at="2022-04-14T07:48:11 IST" duration-ms="21867">
      <class name="TestCases.VerifySignUP">
        <test-method is-config="true" signature="launchBrowser()[pri:0, instance:TestCases.VerifySignUP@6bd61f98]" started-at="2022-04-14T07:47:49 IST" name="launchBrowser" finished-at="2022-04-14T07:47:53 IST" duration-ms="4186" status="PASS">
          <reporter-output>
          </reporter-output>
        </test-method> <!-- launchBrowser -->
        <test-method signature="signupData()[pri:0, instance:TestCases.VerifySignUP@6bd61f98]" started-at="2022-04-14T07:47:53 IST" name="signupData" finished-at="2022-04-14T07:48:10 IST" duration-ms="16835" status="PASS">
          <reporter-output>
          </reporter-output>
        </test-method> <!-- signupData -->
        <test-method is-config="true" signature="quitBrowser()[pri:0, instance:TestCases.VerifySignUP@6bd61f98]" started-at="2022-04-14T07:48:10 IST" name="quitBrowser" finished-at="2022-04-14T07:48:11 IST" duration-ms="786" status="PASS">
          <reporter-output>
          </reporter-output>
        </test-method> <!-- quitBrowser -->
      </class> <!-- TestCases.VerifySignUP -->
    </test> <!-- Default test -->
  </suite> <!-- Default suite -->
</testng-results>
